<?xml version="1.0" encoding="UTF-8"?>
<!-- Generated by org.testng.reporters.JUnitXMLReporter -->
<testsuite hostname="LAP-061" ignored="0" name="Test In FireFox" tests="1" failures="1" timestamp="13 Dec 2017 07:56:37 GMT" time="115.827" errors="0">
  <testcase name="Login_To" time="63.758" classname="iConnectX_Auto_Test.Login_Script">
    <failure type="org.openqa.selenium.InvalidElementStateException" message="Element is disabled and so may not be used for actions
Command duration or timeout: 15.09 seconds
Build info: version: &amp;apos;2.53.1&amp;apos;, revision: &amp;apos;a36b8b1&amp;apos;, time: &amp;apos;2016-06-30 17:37:03&amp;apos;
System info: host: &amp;apos;LAP-061&amp;apos;, ip: &amp;apos;100.104.98.55&amp;apos;, os.name: &amp;apos;Windows 7&amp;apos;, os.arch: &amp;apos;amd64&amp;apos;, os.version: &amp;apos;6.1&amp;apos;, java.version: &amp;apos;1.8.0_40&amp;apos;
Driver info: org.openqa.selenium.firefox.FirefoxDriver
Capabilities [{applicationCacheEnabled=true, rotatable=false, handlesAlerts=true, databaseEnabled=true, version=47.0.2, platform=WINDOWS, nativeEvents=false, acceptSslCerts=true, webStorageEnabled=true, locationContextEnabled=true, browserName=firefox, takesScreenshot=true, javascriptEnabled=true, cssSelectorsEnabled=true}]
Session ID: 88eff0aa-b7a9-41ad-9bf8-f83e6fc9a8a7">
      <![CDATA[org.openqa.selenium.InvalidElementStateException: Element is disabled and so may not be used for actionsCommand duration or timeout: 15.09 secondsBuild info: version: '2.53.1', revision: 'a36b8b1', time: '2016-06-30 17:37:03'System info: host: 'LAP-061', ip: '100.104.98.55', os.name: 'Windows 7', os.arch: 'amd64', os.version: '6.1', java.version: '1.8.0_40'Driver info: org.openqa.selenium.firefox.FirefoxDriverCapabilities [{applicationCacheEnabled=true, rotatable=false, handlesAlerts=true, databaseEnabled=true, version=47.0.2, platform=WINDOWS, nativeEvents=false, acceptSslCerts=true, webStorageEnabled=true, locationContextEnabled=true, browserName=firefox, takesScreenshot=true, javascriptEnabled=true, cssSelectorsEnabled=true}]Session ID: 88eff0aa-b7a9-41ad-9bf8-f83e6fc9a8a7at org.openqa.selenium.remote.ErrorHandler.createThrowable(ErrorHandler.java:206)at org.openqa.selenium.remote.ErrorHandler.throwIfResponseFailed(ErrorHandler.java:158)at org.openqa.selenium.remote.RemoteWebDriver.execute(RemoteWebDriver.java:678)at org.openqa.selenium.remote.RemoteWebElement.execute(RemoteWebElement.java:327)at org.openqa.selenium.remote.RemoteWebElement.sendKeys(RemoteWebElement.java:122)at iConnectX_Auto_Test.Login_Script.Login_To(Login_Script.java:52)Caused by: org.openqa.selenium.InvalidElementStateException: Element is disabled and so may not be used for actionsBuild info: version: '2.53.1', revision: 'a36b8b1', time: '2016-06-30 17:37:03'System info: host: 'LAP-061', ip: '100.104.98.55', os.name: 'Windows 7', os.arch: 'amd64', os.version: '6.1', java.version: '1.8.0_40'Driver info: driver.version: unknownat <anonymous class>.fxdriver.preconditions.enabled(file:///C:/Users/vinod/AppData/Local/Temp/anonymous1874686592402358388webdriver-profile/extensions/fxdriver@googlecode.com/components/command-processor.js:10098)at <anonymous class>.DelayedCommand.prototype.checkPreconditions_(file:///C:/Users/vinod/AppData/Local/Temp/anonymous1874686592402358388webdriver-profile/extensions/fxdriver@googlecode.com/components/command-processor.js:12644)at <anonymous class>.DelayedCommand.prototype.executeInternal_/h(file:///C:/Users/vinod/AppData/Local/Temp/anonymous1874686592402358388webdriver-profile/extensions/fxdriver@googlecode.com/components/command-processor.js:12661)at <anonymous class>.fxdriver.Timer.prototype.setTimeout/<.notify(file:///C:/Users/vinod/AppData/Local/Temp/anonymous1874686592402358388webdriver-profile/extensions/fxdriver@googlecode.com/components/command-processor.js:625)... Removed 29 stack frames]]>
    </failure>
  </testcase> <!-- Login_To -->
</testsuite> <!-- Test In FireFox -->
