<?xml version="1.0" encoding="UTF-8"?>
<testng-results skipped="0" failed="0" total="1" passed="1">
  <reporter-output>
  </reporter-output>
  <suite name="Default suite" duration-ms="185311" started-at="2018-01-02T13:50:55Z" finished-at="2018-01-02T13:54:01Z">
    <groups>
    </groups>
    <test name="Default test" duration-ms="185311" started-at="2018-01-02T13:50:55Z" finished-at="2018-01-02T13:54:01Z">
      <class name="Test_Cases.iCX_TestCases">
        <test-method status="PASS" signature="MainScript()[pri:1, instance:Test_Cases.iCX_TestCases@402f32ff]" name="MainScript" duration-ms="185267" started-at="2018-01-02T19:20:55Z" finished-at="2018-01-02T19:24:01Z">
          <reporter-output>
          </reporter-output>
        </test-method> <!-- MainScript -->
      </class> <!-- Test_Cases.iCX_TestCases -->
    </test> <!-- Default test -->
  </suite> <!-- Default suite -->
</testng-results>
